<?xml version="1.0" encoding="UTF-8"?>
<!-- Generated by org.testng.reporters.JUnitReportReporter -->
<testsuite hostname="DESKTOP-A1CS799" name="feb23.ThirdTestcase" tests="1" failures="0" timestamp="15 Mar 2022 08:07:13 GMT" time="47.701" errors="0">
  <testcase name="Login" time="47.701" classname="feb23.ThirdTestcase"/>
</testsuite> <!-- feb23.ThirdTestcase -->
