<?xml version="1.0" encoding="UTF-8"?>
<!-- Generated by org.testng.reporters.JUnitReportReporter -->
<testsuite hostname="DESKTOP-A1CS799" name="feb2.Firstclass" tests="2" failures="0" timestamp="23 Feb 2022 07:58:11 GMT" time="63.343" errors="0">
  <testcase name="roles" time="18.027" classname="feb2.Firstclass"/>
  <testcase name="branches" time="45.316" classname="feb2.Firstclass"/>
</testsuite> <!-- feb2.Firstclass -->
