<?xml version="1.0" encoding="UTF-8"?>
<!-- Generated by org.testng.reporters.JUnitReportReporter -->
<testsuite hostname="DESKTOP-A1CS799" name="mar25.AssertClass" tests="2" failures="0" timestamp="25 Mar 2022 15:29:34 GMT" time="31.229" errors="0">
  <testcase name="assertEqulas" time="14.747" classname="mar25.AssertClass"/>
  <testcase name="assertEqulas1" time="16.482" classname="mar25.AssertClass"/>
</testsuite> <!-- mar25.AssertClass -->
