<?xml version="1.0" encoding="UTF-8"?>
<!-- Generated by org.testng.reporters.JUnitReportReporter -->
<testsuite hostname="DESKTOP-A1CS799" name="fab23.SecondtestCase" tests="2" failures="0" timestamp="23 Feb 2022 17:40:20 GMT" time="1.643" errors="0">
  <testcase name="division" time="0.674" classname="fab23.SecondtestCase"/>
  <testcase name="multplication" time="0.969" classname="fab23.SecondtestCase"/>
</testsuite> <!-- fab23.SecondtestCase -->
