<?xml version="1.0" encoding="UTF-8"?>
<!-- Generated by org.testng.reporters.JUnitReportReporter -->
<testsuite hostname="DESKTOP-A1CS799" name="extentreports.AdvanceReports" tests="2" failures="0" timestamp="3 Jun 2022 05:44:32 GMT" time="34.067" errors="0">
  <testcase name="testPass" time="14.181" classname="extentreports.AdvanceReports"/>
  <testcase name="testFail" time="19.886" classname="extentreports.AdvanceReports"/>
</testsuite> <!-- extentreports.AdvanceReports -->
