<?xml version="1.0" encoding="UTF-8"?>
<!-- Generated by org.testng.reporters.JUnitReportReporter -->
<testsuite hostname="DESKTOP-A1CS799" name="feb22.Firstclass" tests="3" failures="0" timestamp="15 Mar 2022 08:07:13 GMT" time="114.354" errors="0">
  <testcase name="branches" time="30.258" classname="feb22.Firstclass"/>
  <testcase name="role" time="38.523" classname="feb22.Firstclass"/>
  <testcase name="branches" time="45.573" classname="feb22.Firstclass"/>
</testsuite> <!-- feb22.Firstclass -->
