<?xml version="1.0" encoding="UTF-8"?>
<!-- Generated by org.testng.reporters.JUnitReportReporter -->
<testsuite hostname="DESKTOP-A1CS799" name="fab23.ThirdTestcase" tests="5" failures="0" timestamp="23 Feb 2022 17:40:21 GMT" time="261.950" errors="0">
  <testcase name="Login" time="62.243" classname="fab23.ThirdTestcase"/>
  <testcase name="Login" time="69.764" classname="fab23.ThirdTestcase"/>
  <testcase name="Login" time="34.739" classname="fab23.ThirdTestcase"/>
  <testcase name="Login" time="52.119" classname="fab23.ThirdTestcase"/>
  <testcase name="Login" time="43.085" classname="fab23.ThirdTestcase"/>
</testsuite> <!-- fab23.ThirdTestcase -->
